[07:25:18] [main/INFO] (FabricLoader/GameProvider) Loading Minecraft 1.20.2 with Fabric Loader 0.14.22
[07:25:19] [main/INFO] (FabricLoader) Loading 62 mods:
	- com_github_llamalad7_mixinextras 0.2.0
	- fabric-api 0.90.7+1.20.2
	- fabric-api-base 0.4.33+fce67b32a0
	- fabric-api-lookup-api-v1 1.6.42+b1792f7da0
	- fabric-biome-api-v1 13.0.14+b1792f7da0
	- fabric-block-api-v1 1.0.12+73761d2ea0
	- fabric-block-view-api-v2 1.0.1+73761d2ea0
	- fabric-blockrenderlayer-v1 1.1.43+f4b7e424a0
	- fabric-client-tags-api-v1 1.1.4+86b12645a0
	- fabric-command-api-v1 1.2.37+f71b366fa0
	- fabric-command-api-v2 2.2.16+b1792f7da0
	- fabric-commands-v0 0.2.54+df3654b3a0
	- fabric-containers-v0 0.1.75+df3654b3a0
	- fabric-content-registries-v0 5.0.5+b1792f7da0
	- fabric-convention-tags-v1 1.5.8+b1792f7da0
	- fabric-crash-report-info-v1 0.2.20+f4b7e424a0
	- fabric-data-generation-api-v1 13.1.5+b1792f7da0
	- fabric-dimensions-v1 2.1.57+b1792f7da0
	- fabric-entity-events-v1 1.5.26+b1792f7da0
	- fabric-events-interaction-v0 0.6.10+b1792f7da0
	- fabric-events-lifecycle-v0 0.2.69+df3654b3a0
	- fabric-game-rule-api-v1 1.0.42+a44e16a6a0
	- fabric-gametest-api-v1 1.2.16+b1792f7da0
	- fabric-item-api-v1 2.1.33+b1792f7da0
	- fabric-item-group-api-v1 4.0.15+e3d2bf3fa0
	- fabric-key-binding-api-v1 1.0.38+f4b7e424a0
	- fabric-keybindings-v0 0.2.36+df3654b3a0
	- fabric-lifecycle-events-v1 2.2.27+b1792f7da0
	- fabric-loot-api-v2 2.1.1+3ba460fba0
	- fabric-message-api-v1 6.0.2+e3d2bf3fa0
	- fabric-mining-level-api-v1 2.1.55+f4b7e424a0
	- fabric-model-loading-api-v1 1.0.6+b1792f7da0
	- fabric-models-v0 0.4.5+9386d8a7a0
	- fabric-networking-api-v1 3.0.11+bff13c85a0
	- fabric-object-builder-api-v1 12.1.2+2ff98d3ba0
	- fabric-particles-v1 1.1.4+f4b7e424a0
	- fabric-recipe-api-v1 2.0.8+52b3ebe5a0
	- fabric-registry-sync-v0 4.0.6+b1792f7da0
	- fabric-renderer-api-v1 3.2.1+2034447ca0
	- fabric-renderer-indigo 1.5.1+2034447ca0
	- fabric-renderer-registries-v1 3.2.49+df3654b3a0
	- fabric-rendering-data-attachment-v1 0.3.39+73761d2ea0
	- fabric-rendering-fluids-v1 3.0.30+f4b7e424a0
	- fabric-rendering-v0 1.1.52+df3654b3a0
	- fabric-rendering-v1 3.0.11+b1792f7da0
	- fabric-resource-conditions-api-v1 2.3.10+e3d2bf3fa0
	- fabric-resource-loader-v0 0.11.12+b1792f7da0
	- fabric-screen-api-v1 2.0.12+b1792f7da0
	- fabric-screen-handler-api-v1 1.3.41+b1792f7da0
	- fabric-sound-api-v1 1.0.14+f4b7e424a0
	- fabric-transfer-api-v1 3.3.10+bb1ee60ea0
	- fabric-transitive-access-wideners-v1 5.0.3+fce67b32a0
	- fabricloader 0.14.22
	- java 17
	- minecraft 1.20.2
	- packet_tweaker 0.5.0+1.20.2-rc1
	- polymer-blocks 0.6.2+1.20.2
	- polymer-common 0.6.2+1.20.2
	- polymer-core 0.6.2+1.20.2
	- polymer-networking 0.6.2+1.20.2
	- polymer-registry-sync-manipulator 0.6.2+1.20.2
	- polymer-resource-pack 0.6.2+1.20.2
[07:25:19] [main/INFO] (FabricLoader/Mixin) SpongePowered MIXIN Subsystem Version=0.8.5 Source=file:/home/jacob/.gradle/caches/modules-2/files-2.1/net.fabricmc/sponge-mixin/0.12.5+mixin.0.8.5/8d31fb97c3e0cd7c8dad3441851c523bcfae6d8e/sponge-mixin-0.12.5+mixin.0.8.5.jar Service=Knot/Fabric Env=CLIENT
[07:25:19] [main/INFO] (FabricLoader/Mixin) Loaded Fabric development mappings for mixin remapper!
[07:25:20] [main/INFO] (FabricLoader/Mixin) Compatibility level set to JAVA_16
[07:25:20] [main/INFO] (FabricLoader/Mixin) Compatibility level set to JAVA_17
[07:25:21] [main/INFO] (FabricLoader/MixinExtras|Service) Initializing MixinExtras via com.llamalad7.mixinextras.service.MixinExtrasServiceImpl(version=0.2.0).
[07:25:28] [Datafixer Bootstrap/INFO] (Minecraft) 192 Datafixer optimizations took 297 milliseconds
[07:25:31] [Render thread/INFO] (Minecraft) Environment: Environment[accountsHost=https://api.mojang.com, sessionHost=https://sessionserver.mojang.com, servicesHost=https://api.minecraftservices.com, name=PROD]
[07:25:31] [Render thread/ERROR] (Minecraft) Failed to verify authentication
com.mojang.authlib.exceptions.InvalidCredentialsException: Status: 401
	at com.mojang.authlib.exceptions.MinecraftClientHttpException.toAuthenticationException(MinecraftClientHttpException.java:59) ~[authlib-5.0.47.jar:?]
	at com.mojang.authlib.yggdrasil.YggdrasilUserApiService.fetchProperties(YggdrasilUserApiService.java:159) ~[authlib-5.0.47.jar:?]
	at com.mojang.authlib.yggdrasil.YggdrasilUserApiService.<init>(YggdrasilUserApiService.java:53) ~[authlib-5.0.47.jar:?]
	at com.mojang.authlib.yggdrasil.YggdrasilAuthenticationService.createUserApiService(YggdrasilAuthenticationService.java:55) ~[authlib-5.0.47.jar:?]
	at net.minecraft.client.MinecraftClient.createUserApiService(MinecraftClient.java:787) ~[minecraft-merged-project-root-1.20.2-net.fabricmc.yarn.1_20_2.1.20.2+build.4-v2.jar:?]
	at net.minecraft.client.MinecraftClient.<init>(MinecraftClient.java:451) ~[minecraft-merged-project-root-1.20.2-net.fabricmc.yarn.1_20_2.1.20.2+build.4-v2.jar:?]
	at net.minecraft.client.main.Main.main(Main.java:214) ~[minecraft-merged-project-root-1.20.2-net.fabricmc.yarn.1_20_2.1.20.2+build.4-v2.jar:?]
	at net.fabricmc.loader.impl.game.minecraft.MinecraftGameProvider.launch(MinecraftGameProvider.java:468) ~[fabric-loader-0.14.22.jar:?]
	at net.fabricmc.loader.impl.launch.knot.Knot.launch(Knot.java:74) ~[fabric-loader-0.14.22.jar:?]
	at net.fabricmc.loader.impl.launch.knot.KnotClient.main(KnotClient.java:23) ~[fabric-loader-0.14.22.jar:?]
	at net.fabricmc.devlaunchinjector.Main.main(Main.java:86) ~[dev-launch-injector-0.2.1+build.8.jar:?]
Caused by: com.mojang.authlib.exceptions.MinecraftClientHttpException: Status: 401
	at com.mojang.authlib.minecraft.client.MinecraftClient.readInputStream(MinecraftClient.java:100) ~[authlib-5.0.47.jar:?]
	at com.mojang.authlib.minecraft.client.MinecraftClient.get(MinecraftClient.java:57) ~[authlib-5.0.47.jar:?]
	at com.mojang.authlib.yggdrasil.YggdrasilUserApiService.fetchProperties(YggdrasilUserApiService.java:130) ~[authlib-5.0.47.jar:?]
	... 9 more
[07:25:31] [Render thread/INFO] (Minecraft) Setting user: Player13
[07:25:32] [Render thread/INFO] (Indigo) [Indigo] Registering Indigo renderer!
[07:25:33] [Render thread/INFO] (Minecraft) Backend library: LWJGL version 3.3.2-snapshot
[07:25:35] [Render thread/INFO] (Minecraft) Reloading ResourceManager: vanilla, fabric (fabric-registry-sync-v0, fabric-resource-conditions-api-v1, fabric-item-api-v1, fabric-rendering-v1, polymer-core, fabric-events-lifecycle-v0, fabric-containers-v0, fabric-blockrenderlayer-v1, fabric-biome-api-v1, fabric-renderer-indigo, fabric-screen-handler-api-v1, fabric-convention-tags-v1, fabric-message-api-v1, fabric-rendering-data-attachment-v1, fabric-recipe-api-v1, fabricloader, fabric-lifecycle-events-v1, fabric-renderer-registries-v1, fabric-transfer-api-v1, fabric-api-lookup-api-v1, fabric-rendering-fluids-v1, fabric-api-base, fabric-content-registries-v0, fabric-screen-api-v1, fabric-crash-report-info-v1, fabric-resource-loader-v0, fabric-sound-api-v1, fabric-gametest-api-v1, fabric-models-v0, fabric-block-api-v1, fabric-model-loading-api-v1, fabric-mining-level-api-v1, fabric-entity-events-v1, fabric-block-view-api-v2, fabric-command-api-v1, fabric-item-group-api-v1, fabric-transitive-access-wideners-v1, fabric-commands-v0, fabric-networking-api-v1, fabric-command-api-v2, fabric-data-generation-api-v1, fabric-key-binding-api-v1, fabric-keybindings-v0, polymer-resource-pack, fabric-particles-v1, fabric-renderer-api-v1, fabric-object-builder-api-v1, fabric-api, fabric-dimensions-v1, fabric-client-tags-api-v1, fabric-rendering-v0, fabric-game-rule-api-v1, fabric-events-interaction-v0, fabric-loot-api-v2)
[07:25:35] [Worker-Main-4/INFO] (Minecraft) Found unifont_all_no_pua-15.0.06.hex, loading
[07:25:38] [Render thread/WARN] (Minecraft) Missing sound for event: minecraft:item.goat_horn.play
[07:25:38] [Render thread/WARN] (Minecraft) Missing sound for event: minecraft:entity.goat.screaming.horn_break
[07:25:38] [Render thread/INFO] (Minecraft) OpenAL initialized on device Built-in Audio Analog Stereo
[07:25:38] [Render thread/INFO] (Minecraft) Sound engine started
[07:25:38] [Render thread/INFO] (Minecraft) Created: 1024x512x4 minecraft:textures/atlas/blocks.png-atlas
[07:25:39] [Render thread/INFO] (Minecraft) Created: 256x256x4 minecraft:textures/atlas/signs.png-atlas
[07:25:39] [Render thread/INFO] (Minecraft) Created: 512x512x4 minecraft:textures/atlas/shield_patterns.png-atlas
[07:25:39] [Render thread/INFO] (Minecraft) Created: 512x512x4 minecraft:textures/atlas/banner_patterns.png-atlas
[07:25:39] [Render thread/INFO] (Minecraft) Created: 1024x1024x4 minecraft:textures/atlas/armor_trims.png-atlas
[07:25:39] [Render thread/INFO] (Minecraft) Created: 256x256x4 minecraft:textures/atlas/chest.png-atlas
[07:25:39] [Render thread/INFO] (Minecraft) Created: 128x64x4 minecraft:textures/atlas/decorated_pot.png-atlas
[07:25:39] [Render thread/INFO] (Minecraft) Created: 512x256x4 minecraft:textures/atlas/beds.png-atlas
[07:25:39] [Render thread/INFO] (Minecraft) Created: 512x256x4 minecraft:textures/atlas/shulker_boxes.png-atlas
[07:25:39] [Render thread/WARN] (Minecraft) Shader rendertype_entity_translucent_emissive could not find sampler named Sampler2 in the specified shader program.
[07:25:39] [Render thread/INFO] (Minecraft) Created: 256x256x0 minecraft:textures/atlas/particles.png-atlas
[07:25:39] [Render thread/INFO] (Minecraft) Created: 256x256x0 minecraft:textures/atlas/paintings.png-atlas
[07:25:39] [Render thread/INFO] (Minecraft) Created: 128x128x0 minecraft:textures/atlas/mob_effects.png-atlas
[07:25:39] [Render thread/INFO] (Minecraft) Created: 1024x512x0 minecraft:textures/atlas/gui.png-atlas
[07:25:39] [IO-Worker-1/INFO] (Minecraft) Could not authorize you against Realms server: Invalid session id
[07:25:39] [IO-Worker-1/ERROR] (Minecraft) Couldn't connect to realms
net.minecraft.client.realms.exception.RealmsServiceException: Realms authentication error with message 'Invalid session id'
	at net.minecraft.client.realms.RealmsClient.execute(RealmsClient.java:432) ~[minecraft-merged-project-root-1.20.2-net.fabricmc.yarn.1_20_2.1.20.2+build.4-v2.jar:?]
	at net.minecraft.client.realms.RealmsClient.clientCompatible(RealmsClient.java:218) ~[minecraft-merged-project-root-1.20.2-net.fabricmc.yarn.1_20_2.1.20.2+build.4-v2.jar:?]
	at net.minecraft.client.realms.RealmsAvailability.method_52627(RealmsAvailability.java:45) ~[minecraft-merged-project-root-1.20.2-net.fabricmc.yarn.1_20_2.1.20.2+build.4-v2.jar:?]
	at java.util.concurrent.CompletableFuture$AsyncSupply.run(CompletableFuture.java:1768) ~[?:?]
	at java.util.concurrent.ThreadPoolExecutor.runWorker(ThreadPoolExecutor.java:1136) ~[?:?]
	at java.util.concurrent.ThreadPoolExecutor$Worker.run(ThreadPoolExecutor.java:635) ~[?:?]
	at java.lang.Thread.run(Thread.java:833) ~[?:?]
[07:25:45] [Render thread/INFO] (Minecraft) Found new data pack $polymer-resources, loading it automatically
[07:25:47] [Render thread/INFO] (Minecraft) Loaded 7 recipes
[07:25:47] [Render thread/INFO] (Minecraft) Loaded 1271 advancements
[07:25:52] [Render thread/INFO] (BiomeModificationImpl) Applied 0 biome modifications to 0 of 64 new biomes in 2.423 ms
[07:25:52] [Server thread/INFO] (Minecraft) Starting integrated minecraft server version 1.20.2
[07:25:52] [Server thread/INFO] (Minecraft) Generating keypair
[07:25:58] [Server thread/INFO] (Minecraft) Preparing start region for dimension minecraft:overworld
[07:26:00] [Render thread/INFO] (Minecraft) Preparing spawn area: 0%
[07:26:00] [Render thread/INFO] (Minecraft) Preparing spawn area: 0%
[07:26:00] [Render thread/INFO] (Minecraft) Preparing spawn area: 0%
[07:26:00] [Render thread/INFO] (Minecraft) Preparing spawn area: 0%
[07:26:00] [Render thread/INFO] (Minecraft) Preparing spawn area: 0%
[07:26:01] [Render thread/INFO] (Minecraft) Preparing spawn area: 0%
[07:26:01] [Render thread/INFO] (Minecraft) Preparing spawn area: 0%
[07:26:02] [Render thread/INFO] (Minecraft) Preparing spawn area: 1%
[07:26:02] [Render thread/INFO] (Minecraft) Preparing spawn area: 1%
[07:26:03] [Render thread/INFO] (Minecraft) Preparing spawn area: 2%
[07:26:03] [Render thread/INFO] (Minecraft) Preparing spawn area: 3%
[07:26:04] [Render thread/INFO] (Minecraft) Preparing spawn area: 4%
[07:26:04] [Render thread/INFO] (Minecraft) Preparing spawn area: 5%
[07:26:05] [Render thread/INFO] (Minecraft) Preparing spawn area: 6%
[07:26:05] [Render thread/INFO] (Minecraft) Preparing spawn area: 7%
[07:26:06] [Render thread/INFO] (Minecraft) Preparing spawn area: 9%
[07:26:06] [Render thread/INFO] (Minecraft) Preparing spawn area: 9%
[07:26:07] [Render thread/INFO] (Minecraft) Preparing spawn area: 11%
[07:26:07] [Render thread/INFO] (Minecraft) Preparing spawn area: 12%
[07:26:08] [Render thread/INFO] (Minecraft) Preparing spawn area: 14%
[07:26:08] [Render thread/INFO] (Minecraft) Preparing spawn area: 15%
[07:26:09] [Render thread/INFO] (Minecraft) Preparing spawn area: 16%
[07:26:09] [Render thread/INFO] (Minecraft) Preparing spawn area: 18%
[07:26:10] [Render thread/INFO] (Minecraft) Preparing spawn area: 20%
[07:26:10] [Render thread/INFO] (Minecraft) Preparing spawn area: 22%
[07:26:11] [Render thread/INFO] (Minecraft) Preparing spawn area: 24%
[07:26:11] [Render thread/INFO] (Minecraft) Preparing spawn area: 24%
[07:26:12] [Render thread/INFO] (Minecraft) Preparing spawn area: 27%
[07:26:12] [Render thread/INFO] (Minecraft) Preparing spawn area: 28%
[07:26:13] [Render thread/INFO] (Minecraft) Preparing spawn area: 31%
[07:26:13] [Render thread/INFO] (Minecraft) Preparing spawn area: 32%
[07:26:14] [Render thread/INFO] (Minecraft) Preparing spawn area: 33%
[07:26:14] [Render thread/INFO] (Minecraft) Preparing spawn area: 35%
[07:26:15] [Render thread/INFO] (Minecraft) Preparing spawn area: 36%
[07:26:15] [Render thread/INFO] (Minecraft) Preparing spawn area: 38%
[07:26:16] [Render thread/INFO] (Minecraft) Preparing spawn area: 41%
[07:26:16] [Render thread/INFO] (Minecraft) Preparing spawn area: 43%
[07:26:17] [Render thread/INFO] (Minecraft) Preparing spawn area: 43%
[07:26:17] [Render thread/INFO] (Minecraft) Preparing spawn area: 45%
[07:26:18] [Render thread/INFO] (Minecraft) Preparing spawn area: 47%
[07:26:18] [Render thread/INFO] (Minecraft) Preparing spawn area: 49%
[07:26:19] [Render thread/INFO] (Minecraft) Preparing spawn area: 51%
[07:26:19] [Render thread/INFO] (Minecraft) Preparing spawn area: 54%
[07:26:20] [Render thread/INFO] (Minecraft) Preparing spawn area: 55%
[07:26:20] [Render thread/INFO] (Minecraft) Preparing spawn area: 55%
[07:26:21] [Render thread/INFO] (Minecraft) Preparing spawn area: 57%
[07:26:21] [Render thread/INFO] (Minecraft) Preparing spawn area: 59%
[07:26:22] [Render thread/INFO] (Minecraft) Preparing spawn area: 61%
[07:26:22] [Render thread/INFO] (Minecraft) Preparing spawn area: 64%
[07:26:23] [Render thread/INFO] (Minecraft) Preparing spawn area: 65%
[07:26:23] [Render thread/INFO] (Minecraft) Preparing spawn area: 67%
[07:26:24] [Render thread/INFO] (Minecraft) Preparing spawn area: 68%
[07:26:24] [Render thread/INFO] (Minecraft) Preparing spawn area: 70%
[07:26:25] [Render thread/INFO] (Minecraft) Preparing spawn area: 72%
[07:26:25] [Render thread/INFO] (Minecraft) Preparing spawn area: 74%
[07:26:26] [Render thread/INFO] (Minecraft) Preparing spawn area: 76%
[07:26:26] [Render thread/INFO] (Minecraft) Preparing spawn area: 78%
[07:26:27] [Render thread/INFO] (Minecraft) Preparing spawn area: 81%
[07:26:27] [Render thread/INFO] (Minecraft) Preparing spawn area: 83%
[07:26:28] [Render thread/INFO] (Minecraft) Preparing spawn area: 83%
[07:26:28] [Render thread/INFO] (Minecraft) Preparing spawn area: 86%
[07:26:29] [Render thread/INFO] (Minecraft) Preparing spawn area: 87%
[07:26:29] [Render thread/INFO] (Minecraft) Preparing spawn area: 89%
[07:26:30] [Render thread/INFO] (Minecraft) Preparing spawn area: 92%
[07:26:30] [Render thread/INFO] (Minecraft) Preparing spawn area: 93%
[07:26:31] [Render thread/INFO] (Minecraft) Preparing spawn area: 96%
[07:26:31] [Render thread/INFO] (Minecraft) Preparing spawn area: 98%
[07:26:31] [Render thread/INFO] (Minecraft) Time elapsed: 33270 ms
[07:26:31] [Server thread/INFO] (Minecraft) Changing view distance to 12, from 10
[07:26:31] [Server thread/INFO] (Minecraft) Changing simulation distance to 12, from 0
[07:26:32] [Netty Server IO #1/ERROR] (Minecraft) Received class net.minecraft.network.packet.c2s.common.CustomPayloadC2SPacket that couldn't be processed
java.lang.ClassCastException: class net.minecraft.server.network.ServerLoginNetworkHandler cannot be cast to class net.minecraft.network.listener.ServerCommonPacketListener (net.minecraft.server.network.ServerLoginNetworkHandler and net.minecraft.network.listener.ServerCommonPacketListener are in unnamed module of loader net.fabricmc.loader.impl.launch.knot.KnotClassLoader @490ab905)
	at net.minecraft.network.packet.c2s.common.CustomPayloadC2SPacket.apply(CustomPayloadC2SPacket.java:13) ~[minecraft-merged-project-root-1.20.2-net.fabricmc.yarn.1_20_2.1.20.2+build.4-v2.jar:?]
	at net.minecraft.network.ClientConnection.handlePacket(ClientConnection.java:196) ~[minecraft-merged-project-root-1.20.2-net.fabricmc.yarn.1_20_2.1.20.2+build.4-v2.jar:?]
	at net.minecraft.network.ClientConnection.channelRead0(ClientConnection.java:181) ~[minecraft-merged-project-root-1.20.2-net.fabricmc.yarn.1_20_2.1.20.2+build.4-v2.jar:?]
	at net.minecraft.network.ClientConnection.channelRead0(ClientConnection.java:60) ~[minecraft-merged-project-root-1.20.2-net.fabricmc.yarn.1_20_2.1.20.2+build.4-v2.jar:?]
	at io.netty.channel.SimpleChannelInboundHandler.channelRead(SimpleChannelInboundHandler.java:99) ~[netty-transport-4.1.97.Final.jar:?]
	at io.netty.channel.AbstractChannelHandlerContext.invokeChannelRead(AbstractChannelHandlerContext.java:444) ~[netty-transport-4.1.97.Final.jar:?]
	at io.netty.channel.AbstractChannelHandlerContext.invokeChannelRead(AbstractChannelHandlerContext.java:420) ~[netty-transport-4.1.97.Final.jar:?]
	at io.netty.channel.AbstractChannelHandlerContext.fireChannelRead(AbstractChannelHandlerContext.java:412) ~[netty-transport-4.1.97.Final.jar:?]
	at io.netty.handler.flow.FlowControlHandler.dequeue(FlowControlHandler.java:202) ~[netty-handler-4.1.97.Final.jar:?]
	at io.netty.handler.flow.FlowControlHandler.channelRead(FlowControlHandler.java:164) ~[netty-handler-4.1.97.Final.jar:?]
	at io.netty.channel.AbstractChannelHandlerContext.invokeChannelRead(AbstractChannelHandlerContext.java:442) ~[netty-transport-4.1.97.Final.jar:?]
	at io.netty.channel.AbstractChannelHandlerContext.invokeChannelRead(AbstractChannelHandlerContext.java:420) ~[netty-transport-4.1.97.Final.jar:?]
	at io.netty.channel.AbstractChannelHandlerContext.fireChannelRead(AbstractChannelHandlerContext.java:412) ~[netty-transport-4.1.97.Final.jar:?]
	at io.netty.handler.codec.MessageToMessageDecoder.channelRead(MessageToMessageDecoder.java:103) ~[netty-codec-4.1.97.Final.jar:?]
	at io.netty.handler.codec.MessageToMessageCodec.channelRead(MessageToMessageCodec.java:111) ~[netty-codec-4.1.97.Final.jar:?]
	at io.netty.channel.AbstractChannelHandlerContext.invokeChannelRead(AbstractChannelHandlerContext.java:442) ~[netty-transport-4.1.97.Final.jar:?]
	at io.netty.channel.AbstractChannelHandlerContext.invokeChannelRead(AbstractChannelHandlerContext.java:420) ~[netty-transport-4.1.97.Final.jar:?]
	at io.netty.channel.AbstractChannelHandlerContext.fireChannelRead(AbstractChannelHandlerContext.java:412) ~[netty-transport-4.1.97.Final.jar:?]
	at io.netty.channel.DefaultChannelPipeline$HeadContext.channelRead(DefaultChannelPipeline.java:1410) ~[netty-transport-4.1.97.Final.jar:?]
	at io.netty.channel.AbstractChannelHandlerContext.invokeChannelRead(AbstractChannelHandlerContext.java:440) ~[netty-transport-4.1.97.Final.jar:?]
	at io.netty.channel.AbstractChannelHandlerContext.invokeChannelRead(AbstractChannelHandlerContext.java:420) ~[netty-transport-4.1.97.Final.jar:?]
	at io.netty.channel.DefaultChannelPipeline.fireChannelRead(DefaultChannelPipeline.java:919) ~[netty-transport-4.1.97.Final.jar:?]
	at io.netty.channel.local.LocalChannel.readInbound(LocalChannel.java:299) ~[netty-transport-4.1.97.Final.jar:?]
	at io.netty.channel.local.LocalChannel.finishPeerRead0(LocalChannel.java:445) ~[netty-transport-4.1.97.Final.jar:?]
	at io.netty.channel.local.LocalChannel.access$400(LocalChannel.java:50) ~[netty-transport-4.1.97.Final.jar:?]
	at io.netty.channel.local.LocalChannel$5.run(LocalChannel.java:403) ~[netty-transport-4.1.97.Final.jar:?]
	at io.netty.util.concurrent.AbstractEventExecutor.runTask(AbstractEventExecutor.java:174) ~[netty-common-4.1.97.Final.jar:?]
	at io.netty.util.concurrent.AbstractEventExecutor.safeExecute(AbstractEventExecutor.java:167) ~[netty-common-4.1.97.Final.jar:?]
	at io.netty.util.concurrent.SingleThreadEventExecutor.runAllTasks(SingleThreadEventExecutor.java:470) ~[netty-common-4.1.97.Final.jar:?]
	at io.netty.channel.nio.NioEventLoop.run(NioEventLoop.java:569) ~[netty-transport-4.1.97.Final.jar:?]
	at io.netty.util.concurrent.SingleThreadEventExecutor$4.run(SingleThreadEventExecutor.java:997) ~[netty-common-4.1.97.Final.jar:?]
	at io.netty.util.internal.ThreadExecutorMap$2.run(ThreadExecutorMap.java:74) ~[netty-common-4.1.97.Final.jar:?]
	at java.lang.Thread.run(Thread.java:833) ~[?:?]
[07:26:32] [Render thread/WARN] (Minecraft) Client disconnected with reason: Disconnected
[07:26:32] [Server thread/INFO] (Minecraft) com.mojang.authlib.GameProfile@7aed8536[id=2fc0a39d-546e-3157-a8f0-76169a9f279b,name=Player13,properties={}] lost connection: Server sent an invalid packet
[07:26:32] [Server thread/INFO] (Minecraft) Stopping singleplayer server as player logged out
[07:26:32] [Server thread/INFO] (Minecraft) Stopping server
[07:26:32] [Server thread/INFO] (Minecraft) Saving players
[07:26:32] [Server thread/INFO] (Minecraft) Saving worlds
[07:26:35] [Server thread/INFO] (Minecraft) Saving chunks for level 'ServerLevel[New World]'/minecraft:overworld
[07:26:36] [Server thread/INFO] (Minecraft) Saving chunks for level 'ServerLevel[New World]'/minecraft:the_nether
[07:26:36] [Server thread/INFO] (Minecraft) Saving chunks for level 'ServerLevel[New World]'/minecraft:the_end
[07:26:36] [Server thread/INFO] (Minecraft) ThreadedAnvilChunkStorage (New World): All chunks are saved
[07:26:36] [Server thread/INFO] (Minecraft) ThreadedAnvilChunkStorage (DIM-1): All chunks are saved
[07:26:36] [Server thread/INFO] (Minecraft) ThreadedAnvilChunkStorage (DIM1): All chunks are saved
[07:26:36] [Server thread/INFO] (Minecraft) ThreadedAnvilChunkStorage: All dimensions are saved
[07:26:40] [Render thread/INFO] (Minecraft) Loaded 7 recipes
[07:26:40] [Render thread/INFO] (Minecraft) Loaded 1271 advancements
[07:26:41] [Render thread/INFO] (BiomeModificationImpl) Applied 0 biome modifications to 0 of 64 new biomes in 309.4 μs
[07:26:41] [Server thread/INFO] (Minecraft) Starting integrated minecraft server version 1.20.2
[07:26:41] [Server thread/INFO] (Minecraft) Generating keypair
[07:26:43] [Server thread/INFO] (Minecraft) Preparing start region for dimension minecraft:overworld
[07:26:47] [Render thread/INFO] (Minecraft) Preparing spawn area: 0%
[07:26:47] [Render thread/INFO] (Minecraft) Preparing spawn area: 0%
[07:26:47] [Render thread/INFO] (Minecraft) Preparing spawn area: 0%
[07:26:47] [Render thread/INFO] (Minecraft) Preparing spawn area: 0%
[07:26:47] [Render thread/INFO] (Minecraft) Preparing spawn area: 0%
[07:26:47] [Render thread/INFO] (Minecraft) Preparing spawn area: 0%
[07:26:47] [Render thread/INFO] (Minecraft) Preparing spawn area: 0%
[07:26:47] [Render thread/INFO] (Minecraft) Preparing spawn area: 0%
[07:26:47] [Render thread/INFO] (Minecraft) Preparing spawn area: 0%
[07:26:48] [Render thread/INFO] (Minecraft) Preparing spawn area: 24%
[07:26:48] [Render thread/INFO] (Minecraft) Preparing spawn area: 68%
[07:26:49] [Render thread/INFO] (Minecraft) Time elapsed: 5431 ms
[07:26:49] [Server thread/INFO] (Minecraft) Changing view distance to 12, from 10
[07:26:49] [Server thread/INFO] (Minecraft) Changing simulation distance to 12, from 0
[07:26:49] [Server thread/INFO] (Minecraft) Player13[local:E:22740adc] logged in with entity id 390 at (-53.5, 65.0, 99.5)
[07:26:50] [Server thread/INFO] (Polymer) Full sync for Player13 took 130.8 ms
[07:26:50] [Server thread/INFO] (Minecraft) Player13 joined the game
[07:26:51] [Render thread/INFO] (Minecraft) Loaded 2 advancements
[07:26:56] [Server thread/WARN] (Minecraft) Can't keep up! Is the server overloaded? Running 2005ms or 40 ticks behind
[07:27:12] [Server thread/INFO] (Minecraft) Saving and pausing game...
[07:27:12] [Server thread/INFO] (Minecraft) Saving chunks for level 'ServerLevel[New World]'/minecraft:overworld
[07:27:12] [Server thread/INFO] (Minecraft) Saving chunks for level 'ServerLevel[New World]'/minecraft:the_nether
[07:27:12] [Server thread/INFO] (Minecraft) Saving chunks for level 'ServerLevel[New World]'/minecraft:the_end
[07:27:20] [Server thread/INFO] (Minecraft) Player13 lost connection: Disconnected
[07:27:20] [Server thread/INFO] (Minecraft) Player13 left the game
[07:27:20] [Server thread/INFO] (Minecraft) Stopping singleplayer server as player logged out
[07:27:20] [Server thread/INFO] (Minecraft) Stopping server
[07:27:20] [Server thread/INFO] (Minecraft) Saving players
[07:27:20] [Server thread/INFO] (Minecraft) Saving worlds
[07:27:22] [Server thread/INFO] (Minecraft) Saving chunks for level 'ServerLevel[New World]'/minecraft:overworld
[07:27:23] [Server thread/INFO] (Minecraft) Saving chunks for level 'ServerLevel[New World]'/minecraft:the_nether
[07:27:23] [Server thread/INFO] (Minecraft) Saving chunks for level 'ServerLevel[New World]'/minecraft:the_end
[07:27:23] [Server thread/INFO] (Minecraft) ThreadedAnvilChunkStorage (New World): All chunks are saved
[07:27:23] [Server thread/INFO] (Minecraft) ThreadedAnvilChunkStorage (DIM-1): All chunks are saved
[07:27:23] [Server thread/INFO] (Minecraft) ThreadedAnvilChunkStorage (DIM1): All chunks are saved
[07:27:23] [Server thread/INFO] (Minecraft) ThreadedAnvilChunkStorage: All dimensions are saved
[07:27:26] [Render thread/INFO] (Minecraft) Stopping!
